<?xml version="1.0" encoding="UTF-8"?>
<!-- Generated by org.testng.reporters.JUnitXMLReporter -->
<testsuite ignored="0" hostname="LAPTOP-IR3JTI9R" failures="2" tests="3" name="AlertsTests" time="23.366" errors="0" timestamp="2023-05-11T07:43:47 EDT">
  <testcase classname="com.herokuapp.theinternet.alertstests.AlertsTests" name="jsAlertTest" time="3.167">
    <failure type="java.lang.AssertionError" message="The following asserts failed:
	result is not expected. 
Should be &amp;apos;You successfuly clicked an alert&amp;apos;, but it is &amp;apos;You successfully clicked an alert&amp;apos; expected [true] but found [false]">
      <![CDATA[java.lang.AssertionError: The following asserts failed:
result is not expected. 
Should be 'You successfuly clicked an alert', but it is 'You successfully clicked an alert' expected [true] but found [false]
at com.herokuapp.theinternet.alertstests.AlertsTests.jsAlertTest(AlertsTests.java:44)
at java.base/java.util.ArrayList.forEach(ArrayList.java:1511)
... Removed 29 stack frames]]>
    </failure>
  </testcase> <!-- jsAlertTest -->
  <testcase classname="com.herokuapp.theinternet.alertstests.AlertsTests" name="jsDismissTest" time="2.843"/>
  <testcase classname="com.herokuapp.theinternet.alertstests.AlertsTests" name="jsPromptTest" time="3.904">
    <failure type="java.lang.AssertionError" message="The following asserts failed:
	Alert message is not expected. 
Should be &amp;apos;I am a JS prompt&amp;apos;, but it is &amp;apos;I am a JS prompt[FAIL]&amp;apos; expected [true] but found [false],
	result is not expected. 
Should be &amp;apos;You entered: Hello Alert, its Dmitry here&amp;apos;, but it is &amp;apos;You entered: Hello Alert, it&amp;apos;s Dmitry here[FAIL]&amp;apos; expected [true] but found [false]">
      <![CDATA[java.lang.AssertionError: The following asserts failed:
Alert message is not expected. 
Should be 'I am a JS prompt', but it is 'I am a JS prompt[FAIL]' expected [true] but found [false],
result is not expected. 
Should be 'You entered: Hello Alert, its Dmitry here', but it is 'You entered: Hello Alert, it's Dmitry here[FAIL]' expected [true] but found [false]
at com.herokuapp.theinternet.alertstests.AlertsTests.jsPromptTest(AlertsTests.java:113)
at java.base/java.util.ArrayList.forEach(ArrayList.java:1511)
... Removed 29 stack frames]]>
    </failure>
  </testcase> <!-- jsPromptTest -->
</testsuite> <!-- AlertsTests -->
